2026-03-04T00:40:25.725055Z  INFO tailwindcss_oxide::scanner: Provided sources:
2026-03-04T00:40:25.725539Z  INFO tailwindcss_oxide::scanner: Source: PublicSourceEntry { base: "C:\\Users\\ifean\\Downloads\\JS series\\New folder (2)\\tech-hub", pattern: "**/*", negated: false }
2026-03-04T00:40:25.726946Z  INFO tailwindcss_oxide::scanner: Optimized sources:
2026-03-04T00:40:25.727369Z  INFO tailwindcss_oxide::scanner: Source: Auto { base: "C:\\Users\\ifean\\Downloads\\JS series\\New folder (2)\\tech-hub" }
2026-03-04T00:40:25.737715Z  INFO discover_sources: tailwindcss_oxide::scanner: enter
2026-03-04T00:40:25.737916Z  INFO discover_sources:walk_synchronous: tailwindcss_oxide::scanner: enter
2026-03-04T00:40:25.836166Z  INFO discover_sources:walk_synchronous: tailwindcss_oxide::scanner: exit
2026-03-04T00:40:25.841971Z  INFO tailwindcss_oxide::scanner: Reading "C:\\Users\\ifean\\Downloads\\JS series\\New folder (2)\\tech-hub\\components\\ui\\Footer.tsx"
2026-03-04T00:40:25.842033Z  INFO tailwindcss_oxide::scanner: Reading "C:\\Users\\ifean\\Downloads\\JS series\\New folder (2)\\tech-hub\\actions\\order.ts"
2026-03-04T00:40:25.842581Z  INFO tailwindcss_oxide::scanner: Reading "C:\\Users\\ifean\\Downloads\\JS series\\New folder (2)\\tech-hub\\components\\ui\\LoadingSkeleton.tsx"
2026-03-04T00:40:25.842683Z  INFO tailwindcss_oxide::scanner: Reading "C:\\Users\\ifean\\Downloads\\JS series\\New folder (2)\\tech-hub\\actions\\paystack.ts"
2026-03-04T00:40:25.842732Z  INFO tailwindcss_oxide::scanner: Reading "C:\\Users\\ifean\\Downloads\\JS series\\New folder (2)\\tech-hub\\app\\returns\\page.tsx"
2026-03-04T00:40:25.843486Z  INFO tailwindcss_oxide::scanner: Reading "C:\\Users\\ifean\\Downloads\\JS series\\New folder (2)\\tech-hub\\components\\cart\\CartWrapper.tsx"
2026-03-04T00:40:25.843690Z  INFO tailwindcss_oxide::scanner: Reading "C:\\Users\\ifean\\Downloads\\JS series\\New folder (2)\\tech-hub\\app\\shipping\\page.tsx"
2026-03-04T00:40:25.843896Z  INFO tailwindcss_oxide::scanner: Reading "C:\\Users\\ifean\\Downloads\\JS series\\New folder (2)\\tech-hub\\components\\product\\AddToCartButton.tsx"
2026-03-04T00:40:25.843986Z  INFO tailwindcss_oxide::scanner: Reading "C:\\Users\\ifean\\Downloads\\JS series\\New folder (2)\\tech-hub\\app\\terms\\page.tsx"
2026-03-04T00:40:25.844087Z  INFO tailwindcss_oxide::scanner: Reading "C:\\Users\\ifean\\Downloads\\JS series\\New folder (2)\\tech-hub\\app\\checkout\\page.tsx"
2026-03-04T00:40:25.844196Z  INFO tailwindcss_oxide::scanner: Reading "C:\\Users\\ifean\\Downloads\\JS series\\New folder (2)\\tech-hub\\components\\product\\BentoProductCard.tsx"
2026-03-04T00:40:25.844264Z  INFO tailwindcss_oxide::scanner: Reading "C:\\Users\\ifean\\Downloads\\JS series\\New folder (2)\\tech-hub\\app\\warranty\\page.tsx"
2026-03-04T00:40:25.844489Z  INFO tailwindcss_oxide::scanner: Reading "C:\\Users\\ifean\\Downloads\\JS series\\New folder (2)\\tech-hub\\components\\product\\CompareButton.tsx"
2026-03-04T00:40:25.844650Z  INFO tailwindcss_oxide::scanner: Reading "C:\\Users\\ifean\\Downloads\\JS series\\New folder (2)\\tech-hub\\BACKEND_SETUP.md"
2026-03-04T00:40:25.844667Z  INFO tailwindcss_oxide::scanner: Reading "C:\\Users\\ifean\\Downloads\\JS series\\New folder (2)\\tech-hub\\app\\checkout\\success\\page.tsx"
2026-03-04T00:40:25.844944Z  INFO tailwindcss_oxide::scanner: Reading "C:\\Users\\ifean\\Downloads\\JS series\\New folder (2)\\tech-hub\\components\\product\\CompareFloatingBar.tsx"
2026-03-04T00:40:25.845043Z  INFO tailwindcss_oxide::scanner: Reading "C:\\Users\\ifean\\Downloads\\JS series\\New folder (2)\\tech-hub\\app\\compare\\page.tsx"
2026-03-04T00:40:25.845765Z  INFO tailwindcss_oxide::scanner: Reading "C:\\Users\\ifean\\Downloads\\JS series\\New folder (2)\\tech-hub\\components\\cart\\CartDrawer.tsx"
2026-03-04T00:40:25.846243Z  INFO tailwindcss_oxide::scanner: Reading "C:\\Users\\ifean\\Downloads\\JS series\\New folder (2)\\tech-hub\\components\\cart\\CartProvider.tsx"
2026-03-04T00:40:25.846139Z  INFO tailwindcss_oxide::scanner: Reading "C:\\Users\\ifean\\Downloads\\JS series\\New folder (2)\\tech-hub\\postcss.config.mjs"
2026-03-04T00:40:25.846887Z  INFO tailwindcss_oxide::scanner: Reading "C:\\Users\\ifean\\Downloads\\JS series\\New folder (2)\\tech-hub\\components\\product\\SpecComparison.tsx"
2026-03-04T00:40:25.846912Z  INFO tailwindcss_oxide::scanner: Reading "C:\\Users\\ifean\\Downloads\\JS series\\New folder (2)\\tech-hub\\prisma\\migrations\\20260303233705_init\\migration.sql"
2026-03-04T00:40:25.847313Z  INFO tailwindcss_oxide::scanner: Reading "C:\\Users\\ifean\\Downloads\\JS series\\New folder (2)\\tech-hub\\components\\product\\StickyBottomCTA.tsx"
2026-03-04T00:40:25.847503Z  INFO tailwindcss_oxide::scanner: Reading "C:\\Users\\ifean\\Downloads\\JS series\\New folder (2)\\tech-hub\\app\\contact\\page.tsx"
2026-03-04T00:40:25.847536Z  INFO tailwindcss_oxide::scanner: Reading "C:\\Users\\ifean\\Downloads\\JS series\\New folder (2)\\tech-hub\\components\\ui\\Navbar.tsx"
2026-03-04T00:40:25.847574Z  INFO tailwindcss_oxide::scanner: Reading "C:\\Users\\ifean\\Downloads\\JS series\\New folder (2)\\tech-hub\\actions\\product.ts"
2026-03-04T00:40:25.848001Z  INFO tailwindcss_oxide::scanner: Reading "C:\\Users\\ifean\\Downloads\\JS series\\New folder (2)\\tech-hub\\app\\about\\page.tsx"
2026-03-04T00:40:25.848360Z  INFO tailwindcss_oxide::scanner: Reading "C:\\Users\\ifean\\Downloads\\JS series\\New folder (2)\\tech-hub\\app\\api\\paystack\\webhook\\route.ts"
2026-03-04T00:40:25.848360Z  INFO tailwindcss_oxide::scanner: Reading "C:\\Users\\ifean\\Downloads\\JS series\\New folder (2)\\tech-hub\\app\\layout.tsx"
2026-03-04T00:40:25.848553Z  INFO tailwindcss_oxide::scanner: Reading "C:\\Users\\ifean\\Downloads\\JS series\\New folder (2)\\tech-hub\\components\\ui\\SearchOverlay.tsx"
2026-03-04T00:40:25.848681Z  INFO tailwindcss_oxide::scanner: Reading "C:\\Users\\ifean\\Downloads\\JS series\\New folder (2)\\tech-hub\\app\\brand\\[id]\\page.tsx"
2026-03-04T00:40:25.848671Z  INFO tailwindcss_oxide::scanner: Reading "C:\\Users\\ifean\\Downloads\\JS series\\New folder (2)\\tech-hub\\app\\privacy\\page.tsx"
2026-03-04T00:40:25.848721Z  INFO tailwindcss_oxide::scanner: Reading "C:\\Users\\ifean\\Downloads\\JS series\\New folder (2)\\tech-hub\\app\\page.tsx"
2026-03-04T00:40:25.848866Z  INFO tailwindcss_oxide::scanner: Reading "C:\\Users\\ifean\\Downloads\\JS series\\New folder (2)\\tech-hub\\eslint.config.mjs"
2026-03-04T00:40:25.848989Z  INFO tailwindcss_oxide::scanner: Reading "C:\\Users\\ifean\\Downloads\\JS series\\New folder (2)\\tech-hub\\app\\product\\[id]\\page.tsx"
2026-03-04T00:40:25.849009Z  INFO tailwindcss_oxide::scanner: Reading "C:\\Users\\ifean\\Downloads\\JS series\\New folder (2)\\tech-hub\\info.md"
2026-03-04T00:40:25.849087Z  INFO tailwindcss_oxide::scanner: Reading "C:\\Users\\ifean\\Downloads\\JS series\\New folder (2)\\tech-hub\\app\\category\\[id]\\page.tsx"
2026-03-04T00:40:25.849144Z  INFO tailwindcss_oxide::scanner: Reading "C:\\Users\\ifean\\Downloads\\JS series\\New folder (2)\\tech-hub\\build_output.txt"
2026-03-04T00:40:25.849298Z  INFO tailwindcss_oxide::scanner: Reading "C:\\Users\\ifean\\Downloads\\JS series\\New folder (2)\\tech-hub\\FEATURES.md"
2026-03-04T00:40:25.845227Z  INFO tailwindcss_oxide::scanner: Reading "C:\\Users\\ifean\\Downloads\\JS series\\New folder (2)\\tech-hub\\components\\product\\CompareProvider.tsx"
2026-03-04T00:40:25.849497Z  INFO tailwindcss_oxide::scanner: Reading "C:\\Users\\ifean\\Downloads\\JS series\\New folder (2)\\tech-hub\\public\\vercel.svg"
2026-03-04T00:40:25.849724Z  INFO tailwindcss_oxide::scanner: Reading "C:\\Users\\ifean\\Downloads\\JS series\\New folder (2)\\tech-hub\\lint_output_4.txt"
2026-03-04T00:40:25.849842Z  INFO tailwindcss_oxide::scanner: Reading "C:\\Users\\ifean\\Downloads\\JS series\\New folder (2)\\tech-hub\\prisma\\seed.ts"
2026-03-04T00:40:25.849971Z  INFO tailwindcss_oxide::scanner: Reading "C:\\Users\\ifean\\Downloads\\JS series\\New folder (2)\\tech-hub\\public\\window.svg"
2026-03-04T00:40:25.850057Z  INFO tailwindcss_oxide::scanner: Reading "C:\\Users\\ifean\\Downloads\\JS series\\New folder (2)\\tech-hub\\next.config.ts"
2026-03-04T00:40:25.850087Z  INFO tailwindcss_oxide::scanner: Reading "C:\\Users\\ifean\\Downloads\\JS series\\New folder (2)\\tech-hub\\lint_output_5.txt"
2026-03-04T00:40:25.850165Z  INFO tailwindcss_oxide::scanner: Reading "C:\\Users\\ifean\\Downloads\\JS series\\New folder (2)\\tech-hub\\public\\file.svg"
2026-03-04T00:40:25.850273Z  INFO tailwindcss_oxide::scanner: Reading "C:\\Users\\ifean\\Downloads\\JS series\\New folder (2)\\tech-hub\\lib\\db.ts"
2026-03-04T00:40:25.850539Z  INFO tailwindcss_oxide::scanner: Reading "C:\\Users\\ifean\\Downloads\\JS series\\New folder (2)\\tech-hub\\package.json"
2026-03-04T00:40:25.850759Z  INFO tailwindcss_oxide::scanner: Reading "C:\\Users\\ifean\\Downloads\\JS series\\New folder (2)\\tech-hub\\public\\globe.svg"
2026-03-04T00:40:25.850803Z  INFO tailwindcss_oxide::scanner: Reading "C:\\Users\\ifean\\Downloads\\JS series\\New folder (2)\\tech-hub\\prisma\\schema.prisma"
2026-03-04T00:40:25.850827Z  INFO tailwindcss_oxide::scanner: Reading "C:\\Users\\ifean\\Downloads\\JS series\\New folder (2)\\tech-hub\\lint_output.txt"
2026-03-04T00:40:25.851068Z  INFO tailwindcss_oxide::scanner: Reading "C:\\Users\\ifean\\Downloads\\JS series\\New folder (2)\\tech-hub\\public\\next.svg"
2026-03-04T00:40:25.851104Z  INFO tailwindcss_oxide::scanner: Reading "C:\\Users\\ifean\\Downloads\\JS series\\New folder (2)\\tech-hub\\tsconfig.json"
2026-03-04T00:40:25.851124Z  INFO tailwindcss_oxide::scanner: Reading "C:\\Users\\ifean\\Downloads\\JS series\\New folder (2)\\tech-hub\\lint_output_2.txt"
2026-03-04T00:40:25.851344Z  INFO tailwindcss_oxide::scanner: Reading "C:\\Users\\ifean\\Downloads\\JS series\\New folder (2)\\tech-hub\\lib\\validations\\order.ts"
2026-03-04T00:40:25.851483Z  INFO tailwindcss_oxide::scanner: Reading "C:\\Users\\ifean\\Downloads\\JS series\\New folder (2)\\tech-hub\\tsc_output.txt"
2026-03-04T00:40:25.851493Z  INFO tailwindcss_oxide::scanner: Reading "C:\\Users\\ifean\\Downloads\\JS series\\New folder (2)\\tech-hub\\tsc_output_2.txt"
2026-03-04T00:40:25.847767Z  INFO tailwindcss_oxide::scanner: Reading "C:\\Users\\ifean\\Downloads\\JS series\\New folder (2)\\tech-hub\\lib\\dummy-data.ts"
2026-03-04T00:40:25.851704Z  INFO tailwindcss_oxide::scanner: Reading "C:\\Users\\ifean\\Downloads\\JS series\\New folder (2)\\tech-hub\\services\\shipping.ts"
2026-03-04T00:40:25.851667Z  INFO tailwindcss_oxide::scanner: Reading "C:\\Users\\ifean\\Downloads\\JS series\\New folder (2)\\tech-hub\\prisma\\migrations\\migration_lock.toml"
2026-03-04T00:40:25.851789Z  INFO tailwindcss_oxide::scanner: Reading "C:\\Users\\ifean\\Downloads\\JS series\\New folder (2)\\tech-hub\\tsc_output_3.txt"
2026-03-04T00:40:25.851991Z  INFO tailwindcss_oxide::scanner: Reading "C:\\Users\\ifean\\Downloads\\JS series\\New folder (2)\\tech-hub\\README.md"
2026-03-04T00:40:25.854037Z  INFO discover_sources: tailwindcss_oxide::scanner: exit
2026-03-04T00:40:25.854256Z  INFO extract_candidates: tailwindcss_oxide::scanner: enter
2026-03-04T00:40:25.854300Z  INFO extract_candidates:parse_all_blobs: tailwindcss_oxide::scanner: enter
2026-03-04T00:40:25.854333Z  INFO extract_candidates:parse_all_blobs:extract: tailwindcss_oxide::scanner: enter
2026-03-04T00:40:25.860729Z  INFO extract_candidates:parse_all_blobs:extract: tailwindcss_oxide::scanner: exit
2026-03-04T00:40:25.860857Z  INFO extract_candidates:parse_all_blobs: tailwindcss_oxide::scanner: exit
2026-03-04T00:40:25.860893Z  INFO extract_candidates:read_all_files: tailwindcss_oxide::scanner: enter
2026-03-04T00:40:25.860913Z  INFO extract_candidates:read_all_files: tailwindcss_oxide::scanner: Reading 1 file(s)
2026-03-04T00:40:25.861441Z  INFO extract_candidates:read_all_files: tailwindcss_oxide::scanner: Reading "C:\\Users\\ifean\\Downloads\\JS series\\New folder (2)\\tech-hub\\app\\globals.css"
2026-03-04T00:40:25.861500Z  INFO extract_candidates:read_all_files: tailwindcss_oxide::scanner: exit
2026-03-04T00:40:25.861537Z  INFO extract_candidates:extract_css_variables: tailwindcss_oxide::scanner: enter
2026-03-04T00:40:25.861561Z  INFO extract_candidates:extract_css_variables:extract: tailwindcss_oxide::scanner: enter
2026-03-04T00:40:25.861865Z  INFO extract_candidates:extract_css_variables:extract: tailwindcss_oxide::scanner: exit
2026-03-04T00:40:25.861930Z  INFO extract_candidates:extract_css_variables: tailwindcss_oxide::scanner: exit
2026-03-04T00:40:25.862951Z  INFO extract_candidates: tailwindcss_oxide::scanner: exit
2026-03-04T00:40:25.866136Z  INFO get_files: tailwindcss_oxide::scanner: enter
2026-03-04T00:40:25.866315Z  INFO get_files:discover_sources: tailwindcss_oxide::scanner: enter
2026-03-04T00:40:25.866353Z  INFO get_files:discover_sources: tailwindcss_oxide::scanner: exit
2026-03-04T00:40:25.867921Z  INFO get_files: tailwindcss_oxide::scanner: exit
2026-03-04T00:40:25.870897Z  INFO get_globs: tailwindcss_oxide::scanner: enter
2026-03-04T00:40:25.871360Z  INFO get_globs:discover_sources: tailwindcss_oxide::scanner: enter
2026-03-04T00:40:25.871515Z  INFO get_globs:discover_sources: tailwindcss_oxide::scanner: exit
2026-03-04T00:40:25.928589Z  INFO get_globs: tailwindcss_oxide::scanner: exit
