2026-03-03T23:58:13.602369Z  INFO tailwindcss_oxide::scanner: Provided sources:
2026-03-03T23:58:13.602604Z  INFO tailwindcss_oxide::scanner: Source: PublicSourceEntry { base: "C:\\Users\\ifean\\Downloads\\JS series\\New folder (2)\\tech-hub", pattern: "**/*", negated: false }
2026-03-03T23:58:13.603180Z  INFO tailwindcss_oxide::scanner: Optimized sources:
2026-03-03T23:58:13.603283Z  INFO tailwindcss_oxide::scanner: Source: Auto { base: "C:\\Users\\ifean\\Downloads\\JS series\\New folder (2)\\tech-hub" }
2026-03-03T23:58:13.633077Z  INFO discover_sources: tailwindcss_oxide::scanner: enter
2026-03-03T23:58:13.633240Z  INFO discover_sources:walk_synchronous: tailwindcss_oxide::scanner: enter
2026-03-03T23:58:13.733222Z  INFO discover_sources:walk_synchronous: tailwindcss_oxide::scanner: exit
2026-03-03T23:58:13.792605Z  INFO tailwindcss_oxide::scanner: Reading "C:\\Users\\ifean\\Downloads\\JS series\\New folder (2)\\tech-hub\\actions\\order.ts"
2026-03-03T23:58:13.792983Z  INFO tailwindcss_oxide::scanner: Reading "C:\\Users\\ifean\\Downloads\\JS series\\New folder (2)\\tech-hub\\actions\\paystack.ts"
2026-03-03T23:58:13.793468Z  INFO tailwindcss_oxide::scanner: Reading "C:\\Users\\ifean\\Downloads\\JS series\\New folder (2)\\tech-hub\\actions\\product.ts"
2026-03-03T23:58:13.793829Z  INFO tailwindcss_oxide::scanner: Reading "C:\\Users\\ifean\\Downloads\\JS series\\New folder (2)\\tech-hub\\app\\about\\page.tsx"
2026-03-03T23:58:13.794075Z  INFO tailwindcss_oxide::scanner: Reading "C:\\Users\\ifean\\Downloads\\JS series\\New folder (2)\\tech-hub\\app\\api\\paystack\\webhook\\route.ts"
2026-03-03T23:58:13.794319Z  INFO tailwindcss_oxide::scanner: Reading "C:\\Users\\ifean\\Downloads\\JS series\\New folder (2)\\tech-hub\\app\\brand\\[id]\\page.tsx"
2026-03-03T23:58:13.794651Z  INFO tailwindcss_oxide::scanner: Reading "C:\\Users\\ifean\\Downloads\\JS series\\New folder (2)\\tech-hub\\app\\category\\[id]\\page.tsx"
2026-03-03T23:58:13.794910Z  INFO tailwindcss_oxide::scanner: Reading "C:\\Users\\ifean\\Downloads\\JS series\\New folder (2)\\tech-hub\\app\\checkout\\page.tsx"
2026-03-03T23:58:13.795155Z  INFO tailwindcss_oxide::scanner: Reading "C:\\Users\\ifean\\Downloads\\JS series\\New folder (2)\\tech-hub\\app\\contact\\page.tsx"
2026-03-03T23:58:13.795410Z  INFO tailwindcss_oxide::scanner: Reading "C:\\Users\\ifean\\Downloads\\JS series\\New folder (2)\\tech-hub\\app\\layout.tsx"
2026-03-03T23:58:13.795750Z  INFO tailwindcss_oxide::scanner: Reading "C:\\Users\\ifean\\Downloads\\JS series\\New folder (2)\\tech-hub\\app\\page.tsx"
2026-03-03T23:58:13.795986Z  INFO tailwindcss_oxide::scanner: Reading "C:\\Users\\ifean\\Downloads\\JS series\\New folder (2)\\tech-hub\\app\\privacy\\page.tsx"
2026-03-03T23:58:13.796225Z  INFO tailwindcss_oxide::scanner: Reading "C:\\Users\\ifean\\Downloads\\JS series\\New folder (2)\\tech-hub\\app\\product\\[id]\\page.tsx"
2026-03-03T23:58:13.796552Z  INFO tailwindcss_oxide::scanner: Reading "C:\\Users\\ifean\\Downloads\\JS series\\New folder (2)\\tech-hub\\app\\returns\\page.tsx"
2026-03-03T23:58:13.796854Z  INFO tailwindcss_oxide::scanner: Reading "C:\\Users\\ifean\\Downloads\\JS series\\New folder (2)\\tech-hub\\app\\shipping\\page.tsx"
2026-03-03T23:58:13.797079Z  INFO tailwindcss_oxide::scanner: Reading "C:\\Users\\ifean\\Downloads\\JS series\\New folder (2)\\tech-hub\\app\\terms\\page.tsx"
2026-03-03T23:58:13.797308Z  INFO tailwindcss_oxide::scanner: Reading "C:\\Users\\ifean\\Downloads\\JS series\\New folder (2)\\tech-hub\\app\\warranty\\page.tsx"
2026-03-03T23:58:13.797616Z  INFO tailwindcss_oxide::scanner: Reading "C:\\Users\\ifean\\Downloads\\JS series\\New folder (2)\\tech-hub\\BACKEND_SETUP.md"
2026-03-03T23:58:13.797964Z  INFO tailwindcss_oxide::scanner: Reading "C:\\Users\\ifean\\Downloads\\JS series\\New folder (2)\\tech-hub\\build_output.txt"
2026-03-03T23:58:13.798224Z  INFO tailwindcss_oxide::scanner: Reading "C:\\Users\\ifean\\Downloads\\JS series\\New folder (2)\\tech-hub\\components\\cart\\CartDrawer.tsx"
2026-03-03T23:58:13.798721Z  INFO tailwindcss_oxide::scanner: Reading "C:\\Users\\ifean\\Downloads\\JS series\\New folder (2)\\tech-hub\\components\\cart\\CartProvider.tsx"
2026-03-03T23:58:13.799203Z  INFO tailwindcss_oxide::scanner: Reading "C:\\Users\\ifean\\Downloads\\JS series\\New folder (2)\\tech-hub\\components\\cart\\CartWrapper.tsx"
2026-03-03T23:58:13.799576Z  INFO tailwindcss_oxide::scanner: Reading "C:\\Users\\ifean\\Downloads\\JS series\\New folder (2)\\tech-hub\\components\\product\\AddToCartButton.tsx"
2026-03-03T23:58:13.799840Z  INFO tailwindcss_oxide::scanner: Reading "C:\\Users\\ifean\\Downloads\\JS series\\New folder (2)\\tech-hub\\components\\product\\BentoProductCard.tsx"
2026-03-03T23:58:13.800065Z  INFO tailwindcss_oxide::scanner: Reading "C:\\Users\\ifean\\Downloads\\JS series\\New folder (2)\\tech-hub\\components\\product\\SpecComparison.tsx"
2026-03-03T23:58:13.800294Z  INFO tailwindcss_oxide::scanner: Reading "C:\\Users\\ifean\\Downloads\\JS series\\New folder (2)\\tech-hub\\components\\product\\StickyBottomCTA.tsx"
2026-03-03T23:58:13.800593Z  INFO tailwindcss_oxide::scanner: Reading "C:\\Users\\ifean\\Downloads\\JS series\\New folder (2)\\tech-hub\\components\\ui\\Footer.tsx"
2026-03-03T23:58:13.800902Z  INFO tailwindcss_oxide::scanner: Reading "C:\\Users\\ifean\\Downloads\\JS series\\New folder (2)\\tech-hub\\components\\ui\\LoadingSkeleton.tsx"
2026-03-03T23:58:13.801168Z  INFO tailwindcss_oxide::scanner: Reading "C:\\Users\\ifean\\Downloads\\JS series\\New folder (2)\\tech-hub\\components\\ui\\Navbar.tsx"
2026-03-03T23:58:13.801435Z  INFO tailwindcss_oxide::scanner: Reading "C:\\Users\\ifean\\Downloads\\JS series\\New folder (2)\\tech-hub\\components\\ui\\SearchOverlay.tsx"
2026-03-03T23:58:13.801752Z  INFO tailwindcss_oxide::scanner: Reading "C:\\Users\\ifean\\Downloads\\JS series\\New folder (2)\\tech-hub\\eslint.config.mjs"
2026-03-03T23:58:13.801965Z  INFO tailwindcss_oxide::scanner: Reading "C:\\Users\\ifean\\Downloads\\JS series\\New folder (2)\\tech-hub\\FEATURES.md"
2026-03-03T23:58:13.802180Z  INFO tailwindcss_oxide::scanner: Reading "C:\\Users\\ifean\\Downloads\\JS series\\New folder (2)\\tech-hub\\info.md"
2026-03-03T23:58:13.802411Z  INFO tailwindcss_oxide::scanner: Reading "C:\\Users\\ifean\\Downloads\\JS series\\New folder (2)\\tech-hub\\lib\\db.ts"
2026-03-03T23:58:13.802728Z  INFO tailwindcss_oxide::scanner: Reading "C:\\Users\\ifean\\Downloads\\JS series\\New folder (2)\\tech-hub\\lib\\dummy-data.ts"
2026-03-03T23:58:13.802963Z  INFO tailwindcss_oxide::scanner: Reading "C:\\Users\\ifean\\Downloads\\JS series\\New folder (2)\\tech-hub\\lib\\validations\\order.ts"
2026-03-03T23:58:13.803263Z  INFO tailwindcss_oxide::scanner: Reading "C:\\Users\\ifean\\Downloads\\JS series\\New folder (2)\\tech-hub\\lint_output.txt"
2026-03-03T23:58:13.803638Z  INFO tailwindcss_oxide::scanner: Reading "C:\\Users\\ifean\\Downloads\\JS series\\New folder (2)\\tech-hub\\lint_output_2.txt"
2026-03-03T23:58:13.803917Z  INFO tailwindcss_oxide::scanner: Reading "C:\\Users\\ifean\\Downloads\\JS series\\New folder (2)\\tech-hub\\lint_output_4.txt"
2026-03-03T23:58:13.804198Z  INFO tailwindcss_oxide::scanner: Reading "C:\\Users\\ifean\\Downloads\\JS series\\New folder (2)\\tech-hub\\lint_output_5.txt"
2026-03-03T23:58:13.806697Z  INFO tailwindcss_oxide::scanner: Reading "C:\\Users\\ifean\\Downloads\\JS series\\New folder (2)\\tech-hub\\next.config.ts"
2026-03-03T23:58:13.806986Z  INFO tailwindcss_oxide::scanner: Reading "C:\\Users\\ifean\\Downloads\\JS series\\New folder (2)\\tech-hub\\package.json"
2026-03-03T23:58:13.807250Z  INFO tailwindcss_oxide::scanner: Reading "C:\\Users\\ifean\\Downloads\\JS series\\New folder (2)\\tech-hub\\postcss.config.mjs"
2026-03-03T23:58:13.807567Z  INFO tailwindcss_oxide::scanner: Reading "C:\\Users\\ifean\\Downloads\\JS series\\New folder (2)\\tech-hub\\prisma\\migrations\\20260303233705_init\\migration.sql"
2026-03-03T23:58:13.807809Z  INFO tailwindcss_oxide::scanner: Reading "C:\\Users\\ifean\\Downloads\\JS series\\New folder (2)\\tech-hub\\prisma\\migrations\\migration_lock.toml"
2026-03-03T23:58:13.808048Z  INFO tailwindcss_oxide::scanner: Reading "C:\\Users\\ifean\\Downloads\\JS series\\New folder (2)\\tech-hub\\prisma\\schema.prisma"
2026-03-03T23:58:13.808411Z  INFO tailwindcss_oxide::scanner: Reading "C:\\Users\\ifean\\Downloads\\JS series\\New folder (2)\\tech-hub\\prisma\\seed.ts"
2026-03-03T23:58:13.809309Z  INFO tailwindcss_oxide::scanner: Reading "C:\\Users\\ifean\\Downloads\\JS series\\New folder (2)\\tech-hub\\public\\file.svg"
2026-03-03T23:58:13.810074Z  INFO tailwindcss_oxide::scanner: Reading "C:\\Users\\ifean\\Downloads\\JS series\\New folder (2)\\tech-hub\\public\\globe.svg"
2026-03-03T23:58:13.810850Z  INFO tailwindcss_oxide::scanner: Reading "C:\\Users\\ifean\\Downloads\\JS series\\New folder (2)\\tech-hub\\public\\next.svg"
2026-03-03T23:58:13.811867Z  INFO tailwindcss_oxide::scanner: Reading "C:\\Users\\ifean\\Downloads\\JS series\\New folder (2)\\tech-hub\\public\\vercel.svg"
2026-03-03T23:58:13.812180Z  INFO tailwindcss_oxide::scanner: Reading "C:\\Users\\ifean\\Downloads\\JS series\\New folder (2)\\tech-hub\\public\\window.svg"
2026-03-03T23:58:13.812452Z  INFO tailwindcss_oxide::scanner: Reading "C:\\Users\\ifean\\Downloads\\JS series\\New folder (2)\\tech-hub\\README.md"
2026-03-03T23:58:13.812777Z  INFO tailwindcss_oxide::scanner: Reading "C:\\Users\\ifean\\Downloads\\JS series\\New folder (2)\\tech-hub\\services\\shipping.ts"
2026-03-03T23:58:13.813052Z  INFO tailwindcss_oxide::scanner: Reading "C:\\Users\\ifean\\Downloads\\JS series\\New folder (2)\\tech-hub\\tsconfig.json"
2026-03-03T23:58:13.813280Z  INFO tailwindcss_oxide::scanner: Reading "C:\\Users\\ifean\\Downloads\\JS series\\New folder (2)\\tech-hub\\tsc_output.txt"
2026-03-03T23:58:13.813576Z  INFO tailwindcss_oxide::scanner: Reading "C:\\Users\\ifean\\Downloads\\JS series\\New folder (2)\\tech-hub\\tsc_output_2.txt"
2026-03-03T23:58:13.813882Z  INFO tailwindcss_oxide::scanner: Reading "C:\\Users\\ifean\\Downloads\\JS series\\New folder (2)\\tech-hub\\tsc_output_3.txt"
2026-03-03T23:58:13.814035Z  INFO discover_sources: tailwindcss_oxide::scanner: exit
2026-03-03T23:58:13.814115Z  INFO extract_candidates: tailwindcss_oxide::scanner: enter
2026-03-03T23:58:13.814143Z  INFO extract_candidates:parse_all_blobs: tailwindcss_oxide::scanner: enter
2026-03-03T23:58:13.814248Z  INFO extract_candidates:parse_all_blobs:extract: tailwindcss_oxide::scanner: enter
2026-03-03T23:58:13.842398Z  INFO extract_candidates:parse_all_blobs:extract: tailwindcss_oxide::scanner: exit
2026-03-03T23:58:13.842492Z  INFO extract_candidates:parse_all_blobs: tailwindcss_oxide::scanner: exit
2026-03-03T23:58:13.842597Z  INFO extract_candidates:read_all_files: tailwindcss_oxide::scanner: enter
2026-03-03T23:58:13.842618Z  INFO extract_candidates:read_all_files: tailwindcss_oxide::scanner: Reading 1 file(s)
2026-03-03T23:58:13.842915Z  INFO extract_candidates:read_all_files: tailwindcss_oxide::scanner: Reading "C:\\Users\\ifean\\Downloads\\JS series\\New folder (2)\\tech-hub\\app\\globals.css"
2026-03-03T23:58:13.842949Z  INFO extract_candidates:read_all_files: tailwindcss_oxide::scanner: exit
2026-03-03T23:58:13.842977Z  INFO extract_candidates:extract_css_variables: tailwindcss_oxide::scanner: enter
2026-03-03T23:58:13.842996Z  INFO extract_candidates:extract_css_variables:extract: tailwindcss_oxide::scanner: enter
2026-03-03T23:58:13.843195Z  INFO extract_candidates:extract_css_variables:extract: tailwindcss_oxide::scanner: exit
2026-03-03T23:58:13.843243Z  INFO extract_candidates:extract_css_variables: tailwindcss_oxide::scanner: exit
2026-03-03T23:58:13.843991Z  INFO extract_candidates: tailwindcss_oxide::scanner: exit
2026-03-03T23:58:13.846380Z  INFO get_files: tailwindcss_oxide::scanner: enter
2026-03-03T23:58:13.846441Z  INFO get_files:discover_sources: tailwindcss_oxide::scanner: enter
2026-03-03T23:58:13.846468Z  INFO get_files:discover_sources: tailwindcss_oxide::scanner: exit
2026-03-03T23:58:13.849188Z  INFO get_files: tailwindcss_oxide::scanner: exit
2026-03-03T23:58:13.851082Z  INFO get_globs: tailwindcss_oxide::scanner: enter
2026-03-03T23:58:13.851147Z  INFO get_globs:discover_sources: tailwindcss_oxide::scanner: enter
2026-03-03T23:58:13.851182Z  INFO get_globs:discover_sources: tailwindcss_oxide::scanner: exit
2026-03-03T23:58:13.881802Z  INFO get_globs: tailwindcss_oxide::scanner: exit
