2026-03-04T00:39:20.237827Z  INFO tailwindcss_oxide::scanner: Provided sources:
2026-03-04T00:39:20.238263Z  INFO tailwindcss_oxide::scanner: Source: PublicSourceEntry { base: "C:\\Users\\ifean\\Downloads\\JS series\\New folder (2)\\tech-hub", pattern: "**/*", negated: false }
2026-03-04T00:39:20.241031Z  INFO tailwindcss_oxide::scanner: Optimized sources:
2026-03-04T00:39:20.241445Z  INFO tailwindcss_oxide::scanner: Source: Auto { base: "C:\\Users\\ifean\\Downloads\\JS series\\New folder (2)\\tech-hub" }
2026-03-04T00:39:20.254002Z  INFO discover_sources: tailwindcss_oxide::scanner: enter
2026-03-04T00:39:20.254688Z  INFO discover_sources:walk_synchronous: tailwindcss_oxide::scanner: enter
2026-03-04T00:39:20.336902Z  INFO discover_sources:walk_synchronous: tailwindcss_oxide::scanner: exit
2026-03-04T00:39:20.341011Z  INFO tailwindcss_oxide::scanner: Reading "C:\\Users\\ifean\\Downloads\\JS series\\New folder (2)\\tech-hub\\components\\ui\\Footer.tsx"
2026-03-04T00:39:20.341103Z  INFO tailwindcss_oxide::scanner: Reading "C:\\Users\\ifean\\Downloads\\JS series\\New folder (2)\\tech-hub\\app\\returns\\page.tsx"
2026-03-04T00:39:20.341191Z  INFO tailwindcss_oxide::scanner: Reading "C:\\Users\\ifean\\Downloads\\JS series\\New folder (2)\\tech-hub\\components\\cart\\CartWrapper.tsx"
2026-03-04T00:39:20.341524Z  INFO tailwindcss_oxide::scanner: Reading "C:\\Users\\ifean\\Downloads\\JS series\\New folder (2)\\tech-hub\\app\\shipping\\page.tsx"
2026-03-04T00:39:20.341555Z  INFO tailwindcss_oxide::scanner: Reading "C:\\Users\\ifean\\Downloads\\JS series\\New folder (2)\\tech-hub\\components\\ui\\LoadingSkeleton.tsx"
2026-03-04T00:39:20.341646Z  INFO tailwindcss_oxide::scanner: Reading "C:\\Users\\ifean\\Downloads\\JS series\\New folder (2)\\tech-hub\\actions\\order.ts"
2026-03-04T00:39:20.341524Z  INFO tailwindcss_oxide::scanner: Reading "C:\\Users\\ifean\\Downloads\\JS series\\New folder (2)\\tech-hub\\components\\product\\AddToCartButton.tsx"
2026-03-04T00:39:20.341703Z  INFO tailwindcss_oxide::scanner: Reading "C:\\Users\\ifean\\Downloads\\JS series\\New folder (2)\\tech-hub\\components\\product\\CompareFloatingBar.tsx"
2026-03-04T00:39:20.341967Z  INFO tailwindcss_oxide::scanner: Reading "C:\\Users\\ifean\\Downloads\\JS series\\New folder (2)\\tech-hub\\app\\terms\\page.tsx"
2026-03-04T00:39:20.342068Z  INFO tailwindcss_oxide::scanner: Reading "C:\\Users\\ifean\\Downloads\\JS series\\New folder (2)\\tech-hub\\components\\product\\CompareProvider.tsx"
2026-03-04T00:39:20.341997Z  INFO tailwindcss_oxide::scanner: Reading "C:\\Users\\ifean\\Downloads\\JS series\\New folder (2)\\tech-hub\\components\\product\\BentoProductCard.tsx"
2026-03-04T00:39:20.341999Z  INFO tailwindcss_oxide::scanner: Reading "C:\\Users\\ifean\\Downloads\\JS series\\New folder (2)\\tech-hub\\components\\ui\\Navbar.tsx"
2026-03-04T00:39:20.342272Z  INFO tailwindcss_oxide::scanner: Reading "C:\\Users\\ifean\\Downloads\\JS series\\New folder (2)\\tech-hub\\app\\warranty\\page.tsx"
2026-03-04T00:39:20.342371Z  INFO tailwindcss_oxide::scanner: Reading "C:\\Users\\ifean\\Downloads\\JS series\\New folder (2)\\tech-hub\\components\\product\\SpecComparison.tsx"
2026-03-04T00:39:20.342405Z  INFO tailwindcss_oxide::scanner: Reading "C:\\Users\\ifean\\Downloads\\JS series\\New folder (2)\\tech-hub\\components\\product\\CompareButton.tsx"
2026-03-04T00:39:20.342507Z  INFO tailwindcss_oxide::scanner: Reading "C:\\Users\\ifean\\Downloads\\JS series\\New folder (2)\\tech-hub\\app\\layout.tsx"
2026-03-04T00:39:20.342523Z  INFO tailwindcss_oxide::scanner: Reading "C:\\Users\\ifean\\Downloads\\JS series\\New folder (2)\\tech-hub\\BACKEND_SETUP.md"
2026-03-04T00:39:20.342583Z  INFO tailwindcss_oxide::scanner: Reading "C:\\Users\\ifean\\Downloads\\JS series\\New folder (2)\\tech-hub\\components\\ui\\SearchOverlay.tsx"
2026-03-04T00:39:20.342709Z  INFO tailwindcss_oxide::scanner: Reading "C:\\Users\\ifean\\Downloads\\JS series\\New folder (2)\\tech-hub\\public\\vercel.svg"
2026-03-04T00:39:20.342756Z  INFO tailwindcss_oxide::scanner: Reading "C:\\Users\\ifean\\Downloads\\JS series\\New folder (2)\\tech-hub\\components\\product\\StickyBottomCTA.tsx"
2026-03-04T00:39:20.342877Z  INFO tailwindcss_oxide::scanner: Reading "C:\\Users\\ifean\\Downloads\\JS series\\New folder (2)\\tech-hub\\eslint.config.mjs"
2026-03-04T00:39:20.343256Z  INFO tailwindcss_oxide::scanner: Reading "C:\\Users\\ifean\\Downloads\\JS series\\New folder (2)\\tech-hub\\actions\\paystack.ts"
2026-03-04T00:39:20.344392Z  INFO tailwindcss_oxide::scanner: Reading "C:\\Users\\ifean\\Downloads\\JS series\\New folder (2)\\tech-hub\\FEATURES.md"
2026-03-04T00:39:20.344473Z  INFO tailwindcss_oxide::scanner: Reading "C:\\Users\\ifean\\Downloads\\JS series\\New folder (2)\\tech-hub\\actions\\product.ts"
2026-03-04T00:39:20.344799Z  INFO tailwindcss_oxide::scanner: Reading "C:\\Users\\ifean\\Downloads\\JS series\\New folder (2)\\tech-hub\\app\\about\\page.tsx"
2026-03-04T00:39:20.344810Z  INFO tailwindcss_oxide::scanner: Reading "C:\\Users\\ifean\\Downloads\\JS series\\New folder (2)\\tech-hub\\info.md"
2026-03-04T00:39:20.345154Z  INFO tailwindcss_oxide::scanner: Reading "C:\\Users\\ifean\\Downloads\\JS series\\New folder (2)\\tech-hub\\lib\\db.ts"
2026-03-04T00:39:20.345269Z  INFO tailwindcss_oxide::scanner: Reading "C:\\Users\\ifean\\Downloads\\JS series\\New folder (2)\\tech-hub\\app\\api\\paystack\\webhook\\route.ts"
2026-03-04T00:39:20.345445Z  INFO tailwindcss_oxide::scanner: Reading "C:\\Users\\ifean\\Downloads\\JS series\\New folder (2)\\tech-hub\\lib\\dummy-data.ts"
2026-03-04T00:39:20.345629Z  INFO tailwindcss_oxide::scanner: Reading "C:\\Users\\ifean\\Downloads\\JS series\\New folder (2)\\tech-hub\\app\\brand\\[id]\\page.tsx"
2026-03-04T00:39:20.342934Z  INFO tailwindcss_oxide::scanner: Reading "C:\\Users\\ifean\\Downloads\\JS series\\New folder (2)\\tech-hub\\app\\page.tsx"
2026-03-04T00:39:20.345756Z  INFO tailwindcss_oxide::scanner: Reading "C:\\Users\\ifean\\Downloads\\JS series\\New folder (2)\\tech-hub\\build_output.txt"
2026-03-04T00:39:20.341526Z  INFO tailwindcss_oxide::scanner: Reading "C:\\Users\\ifean\\Downloads\\JS series\\New folder (2)\\tech-hub\\app\\checkout\\page.tsx"
2026-03-04T00:39:20.346074Z  INFO tailwindcss_oxide::scanner: Reading "C:\\Users\\ifean\\Downloads\\JS series\\New folder (2)\\tech-hub\\app\\category\\[id]\\page.tsx"
2026-03-04T00:39:20.346174Z  INFO tailwindcss_oxide::scanner: Reading "C:\\Users\\ifean\\Downloads\\JS series\\New folder (2)\\tech-hub\\tsconfig.json"
2026-03-04T00:39:20.346243Z  INFO tailwindcss_oxide::scanner: Reading "C:\\Users\\ifean\\Downloads\\JS series\\New folder (2)\\tech-hub\\app\\checkout\\success\\page.tsx"
2026-03-04T00:39:20.346393Z  INFO tailwindcss_oxide::scanner: Reading "C:\\Users\\ifean\\Downloads\\JS series\\New folder (2)\\tech-hub\\prisma\\seed.ts"
2026-03-04T00:39:20.346408Z  INFO tailwindcss_oxide::scanner: Reading "C:\\Users\\ifean\\Downloads\\JS series\\New folder (2)\\tech-hub\\app\\privacy\\page.tsx"
2026-03-04T00:39:20.346488Z  INFO tailwindcss_oxide::scanner: Reading "C:\\Users\\ifean\\Downloads\\JS series\\New folder (2)\\tech-hub\\tsc_output.txt"
2026-03-04T00:39:20.346553Z  INFO tailwindcss_oxide::scanner: Reading "C:\\Users\\ifean\\Downloads\\JS series\\New folder (2)\\tech-hub\\app\\compare\\page.tsx"
2026-03-04T00:39:20.346711Z  INFO tailwindcss_oxide::scanner: Reading "C:\\Users\\ifean\\Downloads\\JS series\\New folder (2)\\tech-hub\\public\\file.svg"
2026-03-04T00:39:20.346746Z  INFO tailwindcss_oxide::scanner: Reading "C:\\Users\\ifean\\Downloads\\JS series\\New folder (2)\\tech-hub\\tsc_output_2.txt"
2026-03-04T00:39:20.346989Z  INFO tailwindcss_oxide::scanner: Reading "C:\\Users\\ifean\\Downloads\\JS series\\New folder (2)\\tech-hub\\app\\contact\\page.tsx"
2026-03-04T00:39:20.347092Z  INFO tailwindcss_oxide::scanner: Reading "C:\\Users\\ifean\\Downloads\\JS series\\New folder (2)\\tech-hub\\tsc_output_3.txt"
2026-03-04T00:39:20.347111Z  INFO tailwindcss_oxide::scanner: Reading "C:\\Users\\ifean\\Downloads\\JS series\\New folder (2)\\tech-hub\\public\\globe.svg"
2026-03-04T00:39:20.347430Z  INFO tailwindcss_oxide::scanner: Reading "C:\\Users\\ifean\\Downloads\\JS series\\New folder (2)\\tech-hub\\lint_output_4.txt"
2026-03-04T00:39:20.347436Z  INFO tailwindcss_oxide::scanner: Reading "C:\\Users\\ifean\\Downloads\\JS series\\New folder (2)\\tech-hub\\lint_output.txt"
2026-03-04T00:39:20.347856Z  INFO tailwindcss_oxide::scanner: Reading "C:\\Users\\ifean\\Downloads\\JS series\\New folder (2)\\tech-hub\\lib\\validations\\order.ts"
2026-03-04T00:39:20.347911Z  INFO tailwindcss_oxide::scanner: Reading "C:\\Users\\ifean\\Downloads\\JS series\\New folder (2)\\tech-hub\\lint_output_5.txt"
2026-03-04T00:39:20.347976Z  INFO tailwindcss_oxide::scanner: Reading "C:\\Users\\ifean\\Downloads\\JS series\\New folder (2)\\tech-hub\\lint_output_2.txt"
2026-03-04T00:39:20.348285Z  INFO tailwindcss_oxide::scanner: Reading "C:\\Users\\ifean\\Downloads\\JS series\\New folder (2)\\tech-hub\\components\\cart\\CartProvider.tsx"
2026-03-04T00:39:20.348457Z  INFO tailwindcss_oxide::scanner: Reading "C:\\Users\\ifean\\Downloads\\JS series\\New folder (2)\\tech-hub\\components\\cart\\CartDrawer.tsx"
2026-03-04T00:39:20.348675Z  INFO tailwindcss_oxide::scanner: Reading "C:\\Users\\ifean\\Downloads\\JS series\\New folder (2)\\tech-hub\\package.json"
2026-03-04T00:39:20.341955Z  INFO tailwindcss_oxide::scanner: Reading "C:\\Users\\ifean\\Downloads\\JS series\\New folder (2)\\tech-hub\\postcss.config.mjs"
2026-03-04T00:39:20.348976Z  INFO tailwindcss_oxide::scanner: Reading "C:\\Users\\ifean\\Downloads\\JS series\\New folder (2)\\tech-hub\\prisma\\migrations\\migration_lock.toml"
2026-03-04T00:39:20.342994Z  INFO tailwindcss_oxide::scanner: Reading "C:\\Users\\ifean\\Downloads\\JS series\\New folder (2)\\tech-hub\\public\\window.svg"
2026-03-04T00:39:20.348323Z  INFO tailwindcss_oxide::scanner: Reading "C:\\Users\\ifean\\Downloads\\JS series\\New folder (2)\\tech-hub\\next.config.ts"
2026-03-04T00:39:20.348325Z  INFO tailwindcss_oxide::scanner: Reading "C:\\Users\\ifean\\Downloads\\JS series\\New folder (2)\\tech-hub\\README.md"
2026-03-04T00:39:20.349169Z  INFO tailwindcss_oxide::scanner: Reading "C:\\Users\\ifean\\Downloads\\JS series\\New folder (2)\\tech-hub\\prisma\\schema.prisma"
2026-03-04T00:39:20.349324Z  INFO tailwindcss_oxide::scanner: Reading "C:\\Users\\ifean\\Downloads\\JS series\\New folder (2)\\tech-hub\\prisma\\migrations\\20260303233705_init\\migration.sql"
2026-03-04T00:39:20.349327Z  INFO tailwindcss_oxide::scanner: Reading "C:\\Users\\ifean\\Downloads\\JS series\\New folder (2)\\tech-hub\\services\\shipping.ts"
2026-03-04T00:39:20.347457Z  INFO tailwindcss_oxide::scanner: Reading "C:\\Users\\ifean\\Downloads\\JS series\\New folder (2)\\tech-hub\\app\\product\\[id]\\page.tsx"
2026-03-04T00:39:20.350906Z  INFO tailwindcss_oxide::scanner: Reading "C:\\Users\\ifean\\Downloads\\JS series\\New folder (2)\\tech-hub\\public\\next.svg"
2026-03-04T00:39:20.359208Z  INFO discover_sources: tailwindcss_oxide::scanner: exit
2026-03-04T00:39:20.359345Z  INFO extract_candidates: tailwindcss_oxide::scanner: enter
2026-03-04T00:39:20.359382Z  INFO extract_candidates:parse_all_blobs: tailwindcss_oxide::scanner: enter
2026-03-04T00:39:20.359536Z  INFO extract_candidates:parse_all_blobs:extract: tailwindcss_oxide::scanner: enter
2026-03-04T00:39:20.377938Z  INFO extract_candidates:parse_all_blobs:extract: tailwindcss_oxide::scanner: exit
2026-03-04T00:39:20.378077Z  INFO extract_candidates:parse_all_blobs: tailwindcss_oxide::scanner: exit
2026-03-04T00:39:20.378121Z  INFO extract_candidates:read_all_files: tailwindcss_oxide::scanner: enter
2026-03-04T00:39:20.378145Z  INFO extract_candidates:read_all_files: tailwindcss_oxide::scanner: Reading 1 file(s)
2026-03-04T00:39:20.378668Z  INFO extract_candidates:read_all_files: tailwindcss_oxide::scanner: Reading "C:\\Users\\ifean\\Downloads\\JS series\\New folder (2)\\tech-hub\\app\\globals.css"
2026-03-04T00:39:20.378716Z  INFO extract_candidates:read_all_files: tailwindcss_oxide::scanner: exit
2026-03-04T00:39:20.378750Z  INFO extract_candidates:extract_css_variables: tailwindcss_oxide::scanner: enter
2026-03-04T00:39:20.378774Z  INFO extract_candidates:extract_css_variables:extract: tailwindcss_oxide::scanner: enter
2026-03-04T00:39:20.380019Z  INFO extract_candidates:extract_css_variables:extract: tailwindcss_oxide::scanner: exit
2026-03-04T00:39:20.380139Z  INFO extract_candidates:extract_css_variables: tailwindcss_oxide::scanner: exit
2026-03-04T00:39:20.381331Z  INFO extract_candidates: tailwindcss_oxide::scanner: exit
2026-03-04T00:39:20.384492Z  INFO get_files: tailwindcss_oxide::scanner: enter
2026-03-04T00:39:20.384610Z  INFO get_files:discover_sources: tailwindcss_oxide::scanner: enter
2026-03-04T00:39:20.384639Z  INFO get_files:discover_sources: tailwindcss_oxide::scanner: exit
2026-03-04T00:39:20.398411Z  INFO get_files: tailwindcss_oxide::scanner: exit
2026-03-04T00:39:20.400991Z  INFO get_globs: tailwindcss_oxide::scanner: enter
2026-03-04T00:39:20.401081Z  INFO get_globs:discover_sources: tailwindcss_oxide::scanner: enter
2026-03-04T00:39:20.401116Z  INFO get_globs:discover_sources: tailwindcss_oxide::scanner: exit
2026-03-04T00:39:20.445283Z  INFO get_globs: tailwindcss_oxide::scanner: exit
