2026-03-04T00:05:33.943504Z  INFO tailwindcss_oxide::scanner: Provided sources:
2026-03-04T00:05:33.943958Z  INFO tailwindcss_oxide::scanner: Source: PublicSourceEntry { base: "C:\\Users\\ifean\\Downloads\\JS series\\New folder (2)\\tech-hub", pattern: "**/*", negated: false }
2026-03-04T00:05:33.944660Z  INFO tailwindcss_oxide::scanner: Optimized sources:
2026-03-04T00:05:33.944875Z  INFO tailwindcss_oxide::scanner: Source: Auto { base: "C:\\Users\\ifean\\Downloads\\JS series\\New folder (2)\\tech-hub" }
2026-03-04T00:05:33.951656Z  INFO discover_sources: tailwindcss_oxide::scanner: enter
2026-03-04T00:05:33.952053Z  INFO discover_sources:walk_synchronous: tailwindcss_oxide::scanner: enter
2026-03-04T00:05:34.008903Z  INFO discover_sources:walk_synchronous: tailwindcss_oxide::scanner: exit
2026-03-04T00:05:34.022903Z  INFO tailwindcss_oxide::scanner: Reading "C:\\Users\\ifean\\Downloads\\JS series\\New folder (2)\\tech-hub\\actions\\order.ts"
2026-03-04T00:05:34.022945Z  INFO tailwindcss_oxide::scanner: Reading "C:\\Users\\ifean\\Downloads\\JS series\\New folder (2)\\tech-hub\\components\\ui\\Navbar.tsx"
2026-03-04T00:05:34.023001Z  INFO tailwindcss_oxide::scanner: Reading "C:\\Users\\ifean\\Downloads\\JS series\\New folder (2)\\tech-hub\\public\\vercel.svg"
2026-03-04T00:05:34.023158Z  INFO tailwindcss_oxide::scanner: Reading "C:\\Users\\ifean\\Downloads\\JS series\\New folder (2)\\tech-hub\\prisma\\migrations\\20260303233705_init\\migration.sql"
2026-03-04T00:05:34.023198Z  INFO tailwindcss_oxide::scanner: Reading "C:\\Users\\ifean\\Downloads\\JS series\\New folder (2)\\tech-hub\\actions\\paystack.ts"
2026-03-04T00:05:34.023248Z  INFO tailwindcss_oxide::scanner: Reading "C:\\Users\\ifean\\Downloads\\JS series\\New folder (2)\\tech-hub\\components\\ui\\SearchOverlay.tsx"
2026-03-04T00:05:34.023431Z  INFO tailwindcss_oxide::scanner: Reading "C:\\Users\\ifean\\Downloads\\JS series\\New folder (2)\\tech-hub\\prisma\\migrations\\migration_lock.toml"
2026-03-04T00:05:34.023513Z  INFO tailwindcss_oxide::scanner: Reading "C:\\Users\\ifean\\Downloads\\JS series\\New folder (2)\\tech-hub\\public\\window.svg"
2026-03-04T00:05:34.023517Z  INFO tailwindcss_oxide::scanner: Reading "C:\\Users\\ifean\\Downloads\\JS series\\New folder (2)\\tech-hub\\eslint.config.mjs"
2026-03-04T00:05:34.023529Z  INFO tailwindcss_oxide::scanner: Reading "C:\\Users\\ifean\\Downloads\\JS series\\New folder (2)\\tech-hub\\tsconfig.json"
2026-03-04T00:05:34.023696Z  INFO tailwindcss_oxide::scanner: Reading "C:\\Users\\ifean\\Downloads\\JS series\\New folder (2)\\tech-hub\\prisma\\schema.prisma"
2026-03-04T00:05:34.023745Z  INFO tailwindcss_oxide::scanner: Reading "C:\\Users\\ifean\\Downloads\\JS series\\New folder (2)\\tech-hub\\README.md"
2026-03-04T00:05:34.023851Z  INFO tailwindcss_oxide::scanner: Reading "C:\\Users\\ifean\\Downloads\\JS series\\New folder (2)\\tech-hub\\FEATURES.md"
2026-03-04T00:05:34.023909Z  INFO tailwindcss_oxide::scanner: Reading "C:\\Users\\ifean\\Downloads\\JS series\\New folder (2)\\tech-hub\\tsc_output.txt"
2026-03-04T00:05:34.024085Z  INFO tailwindcss_oxide::scanner: Reading "C:\\Users\\ifean\\Downloads\\JS series\\New folder (2)\\tech-hub\\info.md"
2026-03-04T00:05:34.023936Z  INFO tailwindcss_oxide::scanner: Reading "C:\\Users\\ifean\\Downloads\\JS series\\New folder (2)\\tech-hub\\prisma\\seed.ts"
2026-03-04T00:05:34.024024Z  INFO tailwindcss_oxide::scanner: Reading "C:\\Users\\ifean\\Downloads\\JS series\\New folder (2)\\tech-hub\\actions\\product.ts"
2026-03-04T00:05:34.024028Z  INFO tailwindcss_oxide::scanner: Reading "C:\\Users\\ifean\\Downloads\\JS series\\New folder (2)\\tech-hub\\services\\shipping.ts"
2026-03-04T00:05:34.024329Z  INFO tailwindcss_oxide::scanner: Reading "C:\\Users\\ifean\\Downloads\\JS series\\New folder (2)\\tech-hub\\lib\\db.ts"
2026-03-04T00:05:34.024362Z  INFO tailwindcss_oxide::scanner: Reading "C:\\Users\\ifean\\Downloads\\JS series\\New folder (2)\\tech-hub\\public\\file.svg"
2026-03-04T00:05:34.024556Z  INFO tailwindcss_oxide::scanner: Reading "C:\\Users\\ifean\\Downloads\\JS series\\New folder (2)\\tech-hub\\lib\\dummy-data.ts"
2026-03-04T00:05:34.024557Z  INFO tailwindcss_oxide::scanner: Reading "C:\\Users\\ifean\\Downloads\\JS series\\New folder (2)\\tech-hub\\app\\about\\page.tsx"
2026-03-04T00:05:34.024812Z  INFO tailwindcss_oxide::scanner: Reading "C:\\Users\\ifean\\Downloads\\JS series\\New folder (2)\\tech-hub\\tsc_output_2.txt"
2026-03-04T00:05:34.024648Z  INFO tailwindcss_oxide::scanner: Reading "C:\\Users\\ifean\\Downloads\\JS series\\New folder (2)\\tech-hub\\public\\globe.svg"
2026-03-04T00:05:34.024969Z  INFO tailwindcss_oxide::scanner: Reading "C:\\Users\\ifean\\Downloads\\JS series\\New folder (2)\\tech-hub\\app\\returns\\page.tsx"
2026-03-04T00:05:34.025010Z  INFO tailwindcss_oxide::scanner: Reading "C:\\Users\\ifean\\Downloads\\JS series\\New folder (2)\\tech-hub\\lib\\validations\\order.ts"
2026-03-04T00:05:34.024621Z  INFO tailwindcss_oxide::scanner: Reading "C:\\Users\\ifean\\Downloads\\JS series\\New folder (2)\\tech-hub\\tsc_output_3.txt"
2026-03-04T00:05:34.024602Z  INFO tailwindcss_oxide::scanner: Reading "C:\\Users\\ifean\\Downloads\\JS series\\New folder (2)\\tech-hub\\public\\next.svg"
2026-03-04T00:05:34.025207Z  INFO tailwindcss_oxide::scanner: Reading "C:\\Users\\ifean\\Downloads\\JS series\\New folder (2)\\tech-hub\\components\\cart\\CartProvider.tsx"
2026-03-04T00:05:34.025226Z  INFO tailwindcss_oxide::scanner: Reading "C:\\Users\\ifean\\Downloads\\JS series\\New folder (2)\\tech-hub\\app\\brand\\[id]\\page.tsx"
2026-03-04T00:05:34.025253Z  INFO tailwindcss_oxide::scanner: Reading "C:\\Users\\ifean\\Downloads\\JS series\\New folder (2)\\tech-hub\\lint_output.txt"
2026-03-04T00:05:34.025138Z  INFO tailwindcss_oxide::scanner: Reading "C:\\Users\\ifean\\Downloads\\JS series\\New folder (2)\\tech-hub\\app\\api\\paystack\\webhook\\route.ts"
2026-03-04T00:05:34.025323Z  INFO tailwindcss_oxide::scanner: Reading "C:\\Users\\ifean\\Downloads\\JS series\\New folder (2)\\tech-hub\\app\\shipping\\page.tsx"
2026-03-04T00:05:34.025415Z  INFO tailwindcss_oxide::scanner: Reading "C:\\Users\\ifean\\Downloads\\JS series\\New folder (2)\\tech-hub\\app\\category\\[id]\\page.tsx"
2026-03-04T00:05:34.025636Z  INFO tailwindcss_oxide::scanner: Reading "C:\\Users\\ifean\\Downloads\\JS series\\New folder (2)\\tech-hub\\app\\warranty\\page.tsx"
2026-03-04T00:05:34.025662Z  INFO tailwindcss_oxide::scanner: Reading "C:\\Users\\ifean\\Downloads\\JS series\\New folder (2)\\tech-hub\\components\\cart\\CartWrapper.tsx"
2026-03-04T00:05:34.025562Z  INFO tailwindcss_oxide::scanner: Reading "C:\\Users\\ifean\\Downloads\\JS series\\New folder (2)\\tech-hub\\app\\terms\\page.tsx"
2026-03-04T00:05:34.025746Z  INFO tailwindcss_oxide::scanner: Reading "C:\\Users\\ifean\\Downloads\\JS series\\New folder (2)\\tech-hub\\app\\layout.tsx"
2026-03-04T00:05:34.025782Z  INFO tailwindcss_oxide::scanner: Reading "C:\\Users\\ifean\\Downloads\\JS series\\New folder (2)\\tech-hub\\lint_output_2.txt"
2026-03-04T00:05:34.025901Z  INFO tailwindcss_oxide::scanner: Reading "C:\\Users\\ifean\\Downloads\\JS series\\New folder (2)\\tech-hub\\BACKEND_SETUP.md"
2026-03-04T00:05:34.025949Z  INFO tailwindcss_oxide::scanner: Reading "C:\\Users\\ifean\\Downloads\\JS series\\New folder (2)\\tech-hub\\components\\product\\AddToCartButton.tsx"
2026-03-04T00:05:34.026015Z  INFO tailwindcss_oxide::scanner: Reading "C:\\Users\\ifean\\Downloads\\JS series\\New folder (2)\\tech-hub\\app\\page.tsx"
2026-03-04T00:05:34.026026Z  INFO tailwindcss_oxide::scanner: Reading "C:\\Users\\ifean\\Downloads\\JS series\\New folder (2)\\tech-hub\\lint_output_4.txt"
2026-03-04T00:05:34.026052Z  INFO tailwindcss_oxide::scanner: Reading "C:\\Users\\ifean\\Downloads\\JS series\\New folder (2)\\tech-hub\\components\\product\\SpecComparison.tsx"
2026-03-04T00:05:34.026063Z  INFO tailwindcss_oxide::scanner: Reading "C:\\Users\\ifean\\Downloads\\JS series\\New folder (2)\\tech-hub\\build_output.txt"
2026-03-04T00:05:34.026008Z  INFO tailwindcss_oxide::scanner: Reading "C:\\Users\\ifean\\Downloads\\JS series\\New folder (2)\\tech-hub\\app\\privacy\\page.tsx"
2026-03-04T00:05:34.026157Z  INFO tailwindcss_oxide::scanner: Reading "C:\\Users\\ifean\\Downloads\\JS series\\New folder (2)\\tech-hub\\lint_output_5.txt"
2026-03-04T00:05:34.026275Z  INFO tailwindcss_oxide::scanner: Reading "C:\\Users\\ifean\\Downloads\\JS series\\New folder (2)\\tech-hub\\app\\checkout\\success\\page.tsx"
2026-03-04T00:05:34.026273Z  INFO tailwindcss_oxide::scanner: Reading "C:\\Users\\ifean\\Downloads\\JS series\\New folder (2)\\tech-hub\\components\\product\\StickyBottomCTA.tsx"
2026-03-04T00:05:34.026232Z  INFO tailwindcss_oxide::scanner: Reading "C:\\Users\\ifean\\Downloads\\JS series\\New folder (2)\\tech-hub\\components\\product\\BentoProductCard.tsx"
2026-03-04T00:05:34.026352Z  INFO tailwindcss_oxide::scanner: Reading "C:\\Users\\ifean\\Downloads\\JS series\\New folder (2)\\tech-hub\\components\\ui\\Footer.tsx"
2026-03-04T00:05:34.026480Z  INFO tailwindcss_oxide::scanner: Reading "C:\\Users\\ifean\\Downloads\\JS series\\New folder (2)\\tech-hub\\components\\cart\\CartDrawer.tsx"
2026-03-04T00:05:34.026589Z  INFO tailwindcss_oxide::scanner: Reading "C:\\Users\\ifean\\Downloads\\JS series\\New folder (2)\\tech-hub\\next.config.ts"
2026-03-04T00:05:34.026522Z  INFO tailwindcss_oxide::scanner: Reading "C:\\Users\\ifean\\Downloads\\JS series\\New folder (2)\\tech-hub\\app\\product\\[id]\\page.tsx"
2026-03-04T00:05:34.026529Z  INFO tailwindcss_oxide::scanner: Reading "C:\\Users\\ifean\\Downloads\\JS series\\New folder (2)\\tech-hub\\app\\contact\\page.tsx"
2026-03-04T00:05:34.026701Z  INFO tailwindcss_oxide::scanner: Reading "C:\\Users\\ifean\\Downloads\\JS series\\New folder (2)\\tech-hub\\components\\ui\\LoadingSkeleton.tsx"
2026-03-04T00:05:34.026798Z  INFO tailwindcss_oxide::scanner: Reading "C:\\Users\\ifean\\Downloads\\JS series\\New folder (2)\\tech-hub\\postcss.config.mjs"
2026-03-04T00:05:34.026838Z  INFO tailwindcss_oxide::scanner: Reading "C:\\Users\\ifean\\Downloads\\JS series\\New folder (2)\\tech-hub\\package.json"
2026-03-04T00:05:34.027032Z  INFO tailwindcss_oxide::scanner: Reading "C:\\Users\\ifean\\Downloads\\JS series\\New folder (2)\\tech-hub\\app\\checkout\\page.tsx"
2026-03-04T00:05:34.027232Z  INFO discover_sources: tailwindcss_oxide::scanner: exit
2026-03-04T00:05:34.027332Z  INFO extract_candidates: tailwindcss_oxide::scanner: enter
2026-03-04T00:05:34.027359Z  INFO extract_candidates:parse_all_blobs: tailwindcss_oxide::scanner: enter
2026-03-04T00:05:34.027385Z  INFO extract_candidates:parse_all_blobs:extract: tailwindcss_oxide::scanner: enter
2026-03-04T00:05:34.031254Z  INFO extract_candidates:parse_all_blobs:extract: tailwindcss_oxide::scanner: exit
2026-03-04T00:05:34.031354Z  INFO extract_candidates:parse_all_blobs: tailwindcss_oxide::scanner: exit
2026-03-04T00:05:34.031387Z  INFO extract_candidates:read_all_files: tailwindcss_oxide::scanner: enter
2026-03-04T00:05:34.031405Z  INFO extract_candidates:read_all_files: tailwindcss_oxide::scanner: Reading 1 file(s)
2026-03-04T00:05:34.031861Z  INFO extract_candidates:read_all_files: tailwindcss_oxide::scanner: Reading "C:\\Users\\ifean\\Downloads\\JS series\\New folder (2)\\tech-hub\\app\\globals.css"
2026-03-04T00:05:34.031910Z  INFO extract_candidates:read_all_files: tailwindcss_oxide::scanner: exit
2026-03-04T00:05:34.031948Z  INFO extract_candidates:extract_css_variables: tailwindcss_oxide::scanner: enter
2026-03-04T00:05:34.031971Z  INFO extract_candidates:extract_css_variables:extract: tailwindcss_oxide::scanner: enter
2026-03-04T00:05:34.032404Z  INFO extract_candidates:extract_css_variables:extract: tailwindcss_oxide::scanner: exit
2026-03-04T00:05:34.032453Z  INFO extract_candidates:extract_css_variables: tailwindcss_oxide::scanner: exit
2026-03-04T00:05:34.033303Z  INFO extract_candidates: tailwindcss_oxide::scanner: exit
2026-03-04T00:05:34.037535Z  INFO get_files: tailwindcss_oxide::scanner: enter
2026-03-04T00:05:34.037610Z  INFO get_files:discover_sources: tailwindcss_oxide::scanner: enter
2026-03-04T00:05:34.037637Z  INFO get_files:discover_sources: tailwindcss_oxide::scanner: exit
2026-03-04T00:05:34.038116Z  INFO get_files: tailwindcss_oxide::scanner: exit
2026-03-04T00:05:34.040269Z  INFO get_globs: tailwindcss_oxide::scanner: enter
2026-03-04T00:05:34.040342Z  INFO get_globs:discover_sources: tailwindcss_oxide::scanner: enter
2026-03-04T00:05:34.040365Z  INFO get_globs:discover_sources: tailwindcss_oxide::scanner: exit
2026-03-04T00:05:34.071745Z  INFO get_globs: tailwindcss_oxide::scanner: exit
